<?xml version="1.0" encoding="UTF-8"?>
<!-- Generated by org.testng.reporters.JUnitReportReporter -->
<testsuite skipped="0" hostname="PHXRMCADV01T" name="com.remco.testRunner.RemcoHJTestRunner" tests="1" failures="0" timestamp="2024-01-22T05:40:58 EST" time="36.031" errors="0">
  <testcase name="runScenario" time="36.031" classname="com.remco.testRunner.RemcoHJTestRunner"/>
  <system-out/>
</testsuite> <!-- com.remco.testRunner.RemcoHJTestRunner -->
